C:\DOCUMENTS AND SETTINGS\12393\MY DOCUMENTS\VISUAL STUDIO 2010\PROJECTS\MYFFPLAY\DEBUG\MYFFPLAY.EXE
C:\Documents and Settings\12393\My Documents\Visual Studio 2010\Projects\myFfplay\Debug\myFfplay.pdb
C:\Documents and Settings\12393\My Documents\Visual Studio 2010\Projects\myFfplay\Debug\PTZControl.dll
C:\DOCUMENTS AND SETTINGS\12393\MY DOCUMENTS\VISUAL STUDIO 2010\PROJECTS\MYFFPLAY\MYFFPLAY\DEBUG\.NETFRAMEWORK,VERSION=V4.0.ASSEMBLYATTRIBUTES.OBJ
C:\Documents and Settings\12393\My Documents\Visual Studio 2010\Projects\myFfplay\myFfplay\Debug\cl.command.1.tlog
C:\Documents and Settings\12393\My Documents\Visual Studio 2010\Projects\myFfplay\myFfplay\Debug\CL.read.1.tlog
C:\Documents and Settings\12393\My Documents\Visual Studio 2010\Projects\myFfplay\myFfplay\Debug\CL.write.1.tlog
C:\DOCUMENTS AND SETTINGS\12393\MY DOCUMENTS\VISUAL STUDIO 2010\PROJECTS\MYFFPLAY\MYFFPLAY\DEBUG\CMDUTILS.OBJ
C:\DOCUMENTS AND SETTINGS\12393\MY DOCUMENTS\VISUAL STUDIO 2010\PROJECTS\MYFFPLAY\MYFFPLAY\DEBUG\FFPLAY.OBJ
C:\Documents and Settings\12393\My Documents\Visual Studio 2010\Projects\myFfplay\myFfplay\Debug\link.1292.read.1.tlog
C:\Documents and Settings\12393\My Documents\Visual Studio 2010\Projects\myFfplay\myFfplay\Debug\link.1292.write.1.tlog
C:\Documents and Settings\12393\My Documents\Visual Studio 2010\Projects\myFfplay\myFfplay\Debug\link.1292-cvtres.read.1.tlog
C:\Documents and Settings\12393\My Documents\Visual Studio 2010\Projects\myFfplay\myFfplay\Debug\link.1292-cvtres.write.1.tlog
C:\Documents and Settings\12393\My Documents\Visual Studio 2010\Projects\myFfplay\myFfplay\Debug\link.2212.read.1.tlog
C:\Documents and Settings\12393\My Documents\Visual Studio 2010\Projects\myFfplay\myFfplay\Debug\link.2212.write.1.tlog
C:\Documents and Settings\12393\My Documents\Visual Studio 2010\Projects\myFfplay\myFfplay\Debug\link.2212-cvtres.read.1.tlog
C:\Documents and Settings\12393\My Documents\Visual Studio 2010\Projects\myFfplay\myFfplay\Debug\link.2212-cvtres.write.1.tlog
C:\Documents and Settings\12393\My Documents\Visual Studio 2010\Projects\myFfplay\myFfplay\Debug\link.3856.read.1.tlog
C:\Documents and Settings\12393\My Documents\Visual Studio 2010\Projects\myFfplay\myFfplay\Debug\link.3856.write.1.tlog
C:\Documents and Settings\12393\My Documents\Visual Studio 2010\Projects\myFfplay\myFfplay\Debug\link.3856-cvtres.read.1.tlog
C:\Documents and Settings\12393\My Documents\Visual Studio 2010\Projects\myFfplay\myFfplay\Debug\link.3856-cvtres.write.1.tlog
C:\Documents and Settings\12393\My Documents\Visual Studio 2010\Projects\myFfplay\myFfplay\Debug\link.5060.read.1.tlog
C:\Documents and Settings\12393\My Documents\Visual Studio 2010\Projects\myFfplay\myFfplay\Debug\link.5060.write.1.tlog
C:\Documents and Settings\12393\My Documents\Visual Studio 2010\Projects\myFfplay\myFfplay\Debug\link.5060-cvtres.read.1.tlog
C:\Documents and Settings\12393\My Documents\Visual Studio 2010\Projects\myFfplay\myFfplay\Debug\link.5060-cvtres.write.1.tlog
C:\Documents and Settings\12393\My Documents\Visual Studio 2010\Projects\myFfplay\myFfplay\Debug\link.5104.read.1.tlog
C:\Documents and Settings\12393\My Documents\Visual Studio 2010\Projects\myFfplay\myFfplay\Debug\link.5104.write.1.tlog
C:\Documents and Settings\12393\My Documents\Visual Studio 2010\Projects\myFfplay\myFfplay\Debug\link.5104-cvtres.read.1.tlog
C:\Documents and Settings\12393\My Documents\Visual Studio 2010\Projects\myFfplay\myFfplay\Debug\link.5104-cvtres.write.1.tlog
C:\Documents and Settings\12393\My Documents\Visual Studio 2010\Projects\myFfplay\myFfplay\Debug\link.5532.read.1.tlog
C:\Documents and Settings\12393\My Documents\Visual Studio 2010\Projects\myFfplay\myFfplay\Debug\link.5532.write.1.tlog
C:\Documents and Settings\12393\My Documents\Visual Studio 2010\Projects\myFfplay\myFfplay\Debug\link.5532-cvtres.read.1.tlog
C:\Documents and Settings\12393\My Documents\Visual Studio 2010\Projects\myFfplay\myFfplay\Debug\link.5532-cvtres.write.1.tlog
C:\Documents and Settings\12393\My Documents\Visual Studio 2010\Projects\myFfplay\myFfplay\Debug\link.6084.read.1.tlog
C:\Documents and Settings\12393\My Documents\Visual Studio 2010\Projects\myFfplay\myFfplay\Debug\link.6084.write.1.tlog
C:\Documents and Settings\12393\My Documents\Visual Studio 2010\Projects\myFfplay\myFfplay\Debug\link.6084-cvtres.read.1.tlog
C:\Documents and Settings\12393\My Documents\Visual Studio 2010\Projects\myFfplay\myFfplay\Debug\link.6084-cvtres.write.1.tlog
C:\Documents and Settings\12393\My Documents\Visual Studio 2010\Projects\myFfplay\myFfplay\Debug\link.command.1.tlog
C:\Documents and Settings\12393\My Documents\Visual Studio 2010\Projects\myFfplay\myFfplay\Debug\link.read.1.tlog
C:\Documents and Settings\12393\My Documents\Visual Studio 2010\Projects\myFfplay\myFfplay\Debug\link.write.1.tlog
C:\Documents and Settings\12393\My Documents\Visual Studio 2010\Projects\myFfplay\myFfplay\Debug\link-cvtres.read.1.tlog
C:\Documents and Settings\12393\My Documents\Visual Studio 2010\Projects\myFfplay\myFfplay\Debug\link-cvtres.write.1.tlog
C:\Documents and Settings\12393\My Documents\Visual Studio 2010\Projects\myFfplay\myFfplay\Debug\mt.command.1.tlog
C:\Documents and Settings\12393\My Documents\Visual Studio 2010\Projects\myFfplay\myFfplay\Debug\mt.read.1.tlog
C:\Documents and Settings\12393\My Documents\Visual Studio 2010\Projects\myFfplay\myFfplay\Debug\mt.write.1.tlog
C:\DOCUMENTS AND SETTINGS\12393\MY DOCUMENTS\VISUAL STUDIO 2010\PROJECTS\MYFFPLAY\MYFFPLAY\DEBUG\MYFFPLAY.EXE.EMBED.MANIFEST
C:\DOCUMENTS AND SETTINGS\12393\MY DOCUMENTS\VISUAL STUDIO 2010\PROJECTS\MYFFPLAY\MYFFPLAY\DEBUG\MYFFPLAY.EXE.EMBED.MANIFEST.RES
C:\Documents and Settings\12393\My Documents\Visual Studio 2010\Projects\myFfplay\myFfplay\Debug\myFfplay.exe.intermediate.manifest
C:\DOCUMENTS AND SETTINGS\12393\MY DOCUMENTS\VISUAL STUDIO 2010\PROJECTS\MYFFPLAY\MYFFPLAY\DEBUG\MYFFPLAY.OBJ
C:\DOCUMENTS AND SETTINGS\12393\MY DOCUMENTS\VISUAL STUDIO 2010\PROJECTS\MYFFPLAY\MYFFPLAY\DEBUG\MYFFPLAY.PCH
C:\DOCUMENTS AND SETTINGS\12393\MY DOCUMENTS\VISUAL STUDIO 2010\PROJECTS\MYFFPLAY\MYFFPLAY\DEBUG\MYFFPLAY.RES
C:\Documents and Settings\12393\My Documents\Visual Studio 2010\Projects\myFfplay\myFfplay\Debug\myFfplay.write.1.tlog
C:\Documents and Settings\12393\My Documents\Visual Studio 2010\Projects\myFfplay\myFfplay\Debug\myFfplay_manifest.rc
C:\DOCUMENTS AND SETTINGS\12393\MY DOCUMENTS\VISUAL STUDIO 2010\PROJECTS\MYFFPLAY\MYFFPLAY\DEBUG\MYFFPLAYDLG.OBJ
C:\DOCUMENTS AND SETTINGS\12393\MY DOCUMENTS\VISUAL STUDIO 2010\PROJECTS\MYFFPLAY\MYFFPLAY\DEBUG\MYPLAY.OBJ
C:\Documents and Settings\12393\My Documents\Visual Studio 2010\Projects\myFfplay\myFfplay\Debug\rc.command.1.tlog
C:\Documents and Settings\12393\My Documents\Visual Studio 2010\Projects\myFfplay\myFfplay\Debug\rc.read.1.tlog
C:\Documents and Settings\12393\My Documents\Visual Studio 2010\Projects\myFfplay\myFfplay\Debug\rc.write.1.tlog
C:\Documents and Settings\12393\My Documents\Visual Studio 2010\Projects\myFfplay\myFfplay\Debug\ResolveAssemblyReference.cache
C:\DOCUMENTS AND SETTINGS\12393\MY DOCUMENTS\VISUAL STUDIO 2010\PROJECTS\MYFFPLAY\MYFFPLAY\DEBUG\STDAFX.OBJ
C:\Documents and Settings\12393\My Documents\Visual Studio 2010\Projects\myFfplay\myFfplay\Debug\vc100.idb
C:\DOCUMENTS AND SETTINGS\12393\MY DOCUMENTS\VISUAL STUDIO 2010\PROJECTS\MYFFPLAY\MYFFPLAY\DEBUG\VC100.PDB
