生成启动时间为 2012/12/28 22:06:12。
     1>项目“C:\Documents and Settings\12393\My Documents\Visual Studio 2010\Projects\myFfplay\myFfplay\myFfplay.vcxproj”在节点 2 上(build 个目标)。
     1>InitializeBuildStatus:
         正在创建“Debug\myFfplay.unsuccessfulbuild”，因为已指定“AlwaysCreate”。
       GenerateTargetFrameworkMonikerAttribute:
       正在跳过目标“GenerateTargetFrameworkMonikerAttribute”，因为所有输出文件相对于输入文件而言都是最新的。
       ClCompile:
         所有输出均为最新。
         C:\Program Files\Microsoft Visual Studio 10.0\VC\bin\CL.exe /c /AI"C:\Program Files\Reference Assemblies\Microsoft\Framework\.NETFramework\v4.0" /Zi /nologo /W3 /WX- /Od /Oy- /D WIN32 /D _WINDOWS /D _DEBUG /D _UNICODE /D UNICODE /D _AFXDLL /EHa /MDd /GS /fp:precise /Zc:wchar_t /Zc:forScope /Fo"Debug\\" /Fd"Debug\vc100.pdb" /TC /analyze- /errorReport:prompt ffplay.c /clr:nostdlib 
         ffplay.c
     1>ffplay.c(640): warning C4018: “<”: 有符号/无符号不匹配
     1>ffplay.c(678): warning C4244: “=”: 从“double”转换到“float”，可能丢失数据
     1>ffplay.c(734): warning C4018: “<”: 有符号/无符号不匹配
     1>ffplay.c(801): warning C4244: “=”: 从“int64_t”转换到“int16_t”，可能丢失数据
     1>ffplay.c(1400): warning C4244: “=”: 从“uint64_t”转换到“double”，可能丢失数据
     1>ffplay.c(1402): warning C4244: “=”: 从“int64_t”转换到“double”，可能丢失数据
     1>ffplay.c(1470): warning C4018: “<”: 有符号/无符号不匹配
     1>ffplay.c(1682): warning C4018: “>=”: 有符号/无符号不匹配
     1>ffplay.c(1715): warning C4018: “>=”: 有符号/无符号不匹配
     1>ffplay.c(1807): warning C4018: “>=”: 有符号/无符号不匹配
     1>ffplay.c(1960): warning C4018: “<”: 有符号/无符号不匹配
     1>ffplay.c(2052): warning C4047: “函数”:“ByteIOContext *”与“ByteIOContext **”的间接级别不同
     1>ffplay.c(2052): warning C4024: “url_feof”: 形参和实参 1 的类型不同
     1>ffplay.c(2059): warning C4047: “函数”:“ByteIOContext *”与“ByteIOContext **”的间接级别不同
     1>ffplay.c(2059): warning C4024: “url_ferror”: 形参和实参 1 的类型不同
     1>ffplay.c(2177): warning C4018: “>=”: 有符号/无符号不匹配
     1>ffplay.c(2311): warning C4047: “函数”:“ByteIOContext *”与“ByteIOContext **”的间接级别不同
     1>ffplay.c(2311): warning C4024: “url_ftell”: 形参和实参 1 的类型不同
     1>ffplay.c(2311): warning C4244: “=”: 从“offset_t”转换到“double”，可能丢失数据
     1>ffplay.c(2317): warning C4244: “函数”: 从“double”转换到“int64_t”，可能丢失数据
     1>ffplay.c(2317): warning C4244: “函数”: 从“double”转换到“int”，可能丢失数据
     1>ffplay.c(2321): warning C4244: “函数”: 从“double”转换到“int”，可能丢失数据
     1>ffplay.c(2333): warning C4244: “=”: 从“__int64”转换到“int”，可能丢失数据
     1>ffplay.c(2338): warning C4244: “=”: 从“double”转换到“int”，可能丢失数据
     1>ffplay.c(2366): warning C4244: “=”: 从“__int64”转换到“int”，可能丢失数据
     1>ffplay.c(2371): warning C4244: “=”: 从“double”转换到“int”，可能丢失数据
     1>ffplay.c(2566): warning C4028: 形参 3 与声明不同
     1>ffplay.c(2566): warning C4028: 形参 4 与声明不同
         所有输出均为最新。
         所有输出均为最新。
         所有输出均为最新。
       ResourceCompile:
         所有输出均为最新。
       Link:
         C:\Program Files\Microsoft Visual Studio 10.0\VC\bin\link.exe /ERRORREPORT:PROMPT /OUT:"C:\Documents and Settings\12393\My Documents\Visual Studio 2010\Projects\myFfplay\Debug\myFfplay.exe" /INCREMENTAL /NOLOGO /MANIFEST /ManifestFile:"Debug\myFfplay.exe.intermediate.manifest" /MANIFESTUAC:"level='asInvoker' uiAccess='false'" /DEBUG /PDB:"C:\Documents and Settings\12393\My Documents\Visual Studio 2010\Projects\myFfplay\Debug\myFfplay.pdb" /ASSEMBLYDEBUG /SUBSYSTEM:WINDOWS /TLBID:1 /ENTRY:"wWinMainCRTStartup" /DYNAMICBASE /FIXED:NO /NXCOMPAT /MACHINE:X86 Debug\myFfplay.res
         Debug\cmdutils.obj
         Debug\ffplay.obj
         Debug\myFfplay.obj
         Debug\myFfplayDlg.obj
         Debug\myPlay.obj
         Debug\stdafx.obj
         "Debug\.NETFramework,Version=v4.0.AssemblyAttributes.obj"
         lib\avcodec.lib
         lib\avdevice.lib
         lib\avfilter.lib
         lib\avformat.lib
         lib\avutil.lib
         lib\SDL.lib
         lib\swscale.lib
         myFfplay.vcxproj -> C:\Documents and Settings\12393\My Documents\Visual Studio 2010\Projects\myFfplay\Debug\myFfplay.exe
       Manifest:
         C:\Program Files\Microsoft SDKs\Windows\v7.0A\bin\mt.exe /nologo /verbose /outputresource:"C:\Documents and Settings\12393\My Documents\Visual Studio 2010\Projects\myFfplay\Debug\myFfplay.exe;#1" /manifest Debug\myFfplay.exe.intermediate.manifest "C:\Program Files\Microsoft Visual Studio 10.0\VC\Include\Manifest\dpiaware.manifest"
       FinalizeBuildStatus:
         正在删除文件“Debug\myFfplay.unsuccessfulbuild”。
         正在对“Debug\myFfplay.lastbuildstate”执行 Touch 任务。
     1>已完成生成项目“C:\Documents and Settings\12393\My Documents\Visual Studio 2010\Projects\myFfplay\myFfplay\myFfplay.vcxproj”(build 个目标)的操作。

生成成功。

已用时间 00:00:08.60
