生成启动时间为 2013-3-7 10:38:27。
     1>项目“C:\Documents and Settings\12393\My Documents\Visual Studio 2010\Projects\myFfplay\myFfplay\myFfplay.vcxproj”在节点 2 上(build 个目标)。
     1>InitializeBuildStatus:
         正在对“Release\myFfplay.unsuccessfulbuild”执行 Touch 任务。
       GenerateTargetFrameworkMonikerAttribute:
       正在跳过目标“GenerateTargetFrameworkMonikerAttribute”，因为所有输出文件相对于输入文件而言都是最新的。
       ClCompile:
         所有输出均为最新。
         所有输出均为最新。
         C:\Program Files\Microsoft Visual Studio 10.0\VC\bin\CL.exe /c /AI"C:\Program Files\Reference Assemblies\Microsoft\Framework\.NETFramework\v4.0" /Zi /clr /nologo /W3 /WX- /O2 /Oi /Oy- /GL /D WIN32 /D _WINDOWS /D NDEBUG /D _UNICODE /D UNICODE /D _AFXDLL /EHa /MD /GS /Gy /fp:precise /Zc:wchar_t /Zc:forScope /Yu"StdAfx.h" /Fp"Release\myFfplay.pch" /Fo"Release\\" /Fd"Release\vc100.pdb" /TP /FU"C:\Documents and Settings\12393\My Documents\Visual Studio 2010\Projects\myFfplay\myFfplay\PTZControl.dll" /FU"C:\Program Files\Reference Assemblies\Microsoft\Framework\.NETFramework\v4.0\System.Core.dll" /analyze- /errorReport:prompt myFfplayDlg.cpp /clr:nostdlib 
         myFfplayDlg.cpp
     1>myFfplayDlg.cpp(209): warning C4996: 'sprintf': This function or variable may be unsafe. Consider using sprintf_s instead. To disable deprecation, use _CRT_SECURE_NO_WARNINGS. See online help for details.
                 C:\Program Files\Microsoft Visual Studio 10.0\VC\include\stdio.h(371) : 参见“sprintf”的声明
     1>myFfplayDlg.cpp(232): warning C4996: 'sprintf': This function or variable may be unsafe. Consider using sprintf_s instead. To disable deprecation, use _CRT_SECURE_NO_WARNINGS. See online help for details.
                 C:\Program Files\Microsoft Visual Studio 10.0\VC\include\stdio.h(371) : 参见“sprintf”的声明
         所有输出均为最新。
       ResourceCompile:
         C:\Program Files\Microsoft SDKs\Windows\v7.0A\bin\rc.exe /D NDEBUG /D _UNICODE /D UNICODE /D _AFXDLL /l"0x0804" /IRelease\ /nologo /fo"Release\myFfplay.res" myFfplay.rc 
       Link:
         C:\Program Files\Microsoft Visual Studio 10.0\VC\bin\link.exe /ERRORREPORT:PROMPT /OUT:"C:\Documents and Settings\12393\My Documents\Visual Studio 2010\Projects\myFfplay\Release\myFfplay.exe" /INCREMENTAL:NO /NOLOGO /MANIFEST /ManifestFile:"Release\myFfplay.exe.intermediate.manifest" /MANIFESTUAC:"level='asInvoker' uiAccess='false'" /DEBUG /PDB:"C:\Documents and Settings\12393\My Documents\Visual Studio 2010\Projects\myFfplay\Release\myFfplay.pdb" /SUBSYSTEM:WINDOWS /OPT:REF /OPT:ICF /LTCG /TLBID:1 /ENTRY:"wWinMainCRTStartup" /DYNAMICBASE /FIXED:NO /NXCOMPAT /MACHINE:X86 Release\myFfplay.res
         Release\cmdutils.obj
         Release\ffplay.obj
         Release\myFfplay.obj
         Release\myFfplayDlg.obj
         Release\myPlay.obj
         Release\stdafx.obj
         "Release\.NETFramework,Version=v4.0.AssemblyAttributes.obj"
         lib\avcodec.lib
         lib\avdevice.lib
         lib\avfilter.lib
         lib\avformat.lib
         lib\avutil.lib
         lib\SDL.lib
         lib\swscale.lib
         正在生成代码
         已完成代码的生成
     1>myPlay.obj : warning LNK4248: 无法解析 typeref 标记(01000010)(为“SwsContext”)；映像可能无法运行
         myFfplay.vcxproj -> C:\Documents and Settings\12393\My Documents\Visual Studio 2010\Projects\myFfplay\Release\myFfplay.exe
       Manifest:
         C:\Program Files\Microsoft SDKs\Windows\v7.0A\bin\mt.exe /nologo /verbose /outputresource:"C:\Documents and Settings\12393\My Documents\Visual Studio 2010\Projects\myFfplay\Release\myFfplay.exe;#1" /manifest Release\myFfplay.exe.intermediate.manifest "C:\Program Files\Microsoft Visual Studio 10.0\VC\Include\Manifest\dpiaware.manifest"
       FinalizeBuildStatus:
         正在删除文件“Release\myFfplay.unsuccessfulbuild”。
         正在对“Release\myFfplay.lastbuildstate”执行 Touch 任务。
     1>已完成生成项目“C:\Documents and Settings\12393\My Documents\Visual Studio 2010\Projects\myFfplay\myFfplay\myFfplay.vcxproj”(build 个目标)的操作。

生成成功。

已用时间 00:00:08.23
